Android3/app/build/outputs/logs/manifest-merger-arm7-debug-report.txt
-- Merging decision tree log ---
manifest
ADDED from src\main\AndroidManifest.xml:2:1-19:12
	package
		ADDED from src\main\AndroidManifest.xml:3:11-33
		INJECTED from src\main\AndroidManifest.xml
		INJECTED from src\main\AndroidManifest.xml
	android:versionName
		ADDED from src\main\AndroidManifest.xml:5:11-36
		INJECTED from src\main\AndroidManifest.xml
		INJECTED from src\main\AndroidManifest.xml
	android:versionCode
		ADDED from src\main\AndroidManifest.xml:4:11-34
		INJECTED from src\main\AndroidManifest.xml
		INJECTED from src\main\AndroidManifest.xml
	xmlns:android
		ADDED from src\main\AndroidManifest.xml:2:11-69
uses-permission#android.permission.SEND_SMS
ADDED from src\main\AndroidManifest.xml:7:3-64
	android:name
		ADDED from src\main\AndroidManifest.xml:7:20-62
application
ADDED from src\main\AndroidManifest.xml:8:3-18:17
	android:label
		ADDED from src\main\AndroidManifest.xml:10:7-39
	android:allowBackup
		ADDED from src\main\AndroidManifest.xml:9:7-34
activity#com.Android3.Init
ADDED from src\main\AndroidManifest.xml:11:5-17:16
	android:label
		ADDED from src\main\AndroidManifest.xml:12:15-47
	android:name
		ADDED from src\main\AndroidManifest.xml:11:15-35
intent-filter#android.intent.action.MAIN+android.intent.category.LAUNCHER
ADDED from src\main\AndroidManifest.xml:13:7-16:23
action#android.intent.action.MAIN
ADDED from src\main\AndroidManifest.xml:14:9-61
	android:name
		ADDED from src\main\AndroidManifest.xml:14:17-58
category#android.intent.category.LAUNCHER
ADDED from src\main\AndroidManifest.xml:15:9-69
	android:name
		ADDED from src\main\AndroidManifest.xml:15:19-66
uses-sdk
INJECTED from src\main\AndroidManifest.xml reason: use-sdk injection requested
	android:targetSdkVersion
		INJECTED from src\main\AndroidManifest.xml
		INJECTED from src\main\AndroidManifest.xml
	android:minSdkVersion
		INJECTED from src\main\AndroidManifest.xml
		INJECTED from src\main\AndroidManifest.xml